<?xml version="1.0" encoding="UTF-8"?>
<testng-results ignored="0" total="1" passed="1" failed="0" skipped="0">
  <reporter-output>
  </reporter-output>
  <suite started-at="2023-09-30T11:20:31 IST" name="Suite" finished-at="2023-09-30T11:20:55 IST" duration-ms="24047">
    <groups>
    </groups>
    <test started-at="2023-09-30T11:20:31 IST" name="Test" finished-at="2023-09-30T11:20:55 IST" duration-ms="24047">
      <class name="TestNG.TestSCript_30_9">
        <test-method signature="test()[pri:0, instance:TestNG.TestSCript_30_9@640f11a1]" started-at="2023-09-30T11:20:31 IST" name="test" finished-at="2023-09-30T11:20:55 IST" duration-ms="23941" status="PASS">
          <reporter-output>
          </reporter-output>
        </test-method> <!-- test -->
      </class> <!-- TestNG.TestSCript_30_9 -->
    </test> <!-- Test -->
  </suite> <!-- Suite -->
</testng-results>
